The system is: Linux - 3.10.0-1160.45.1.el7.x86_64 - x86_64
Compiling the CXX compiler identification source file "CMakeCXXCompilerId.cpp" succeeded.
Compiler: /opt/intel/compilers_and_libraries_2020.4.304/linux/mpi/intel64/bin/mpicxx 
Build flags: 
Id flags:  

The output was:
0


Compilation of the CXX compiler identification source "CMakeCXXCompilerId.cpp" produced "a.out"

The CXX compiler identification is GNU, found in "/work2/08335/jms26/frontera/jots/build/CMakeFiles/3.24.2/CompilerIdCXX/a.out"

Detecting CXX compiler ABI info compiled with the following output:
Change Dir: /work2/08335/jms26/frontera/jots/build/CMakeFiles/CMakeTmp

Run Build Command(s):/usr/bin/gmake -f Makefile cmTC_a2465/fast && /usr/bin/gmake  -f CMakeFiles/cmTC_a2465.dir/build.make CMakeFiles/cmTC_a2465.dir/build
gmake[1]: Entering directory `/work2/08335/jms26/frontera/jots/build/CMakeFiles/CMakeTmp'
Building CXX object CMakeFiles/cmTC_a2465.dir/CMakeCXXCompilerABI.cpp.o
/opt/intel/compilers_and_libraries_2020.4.304/linux/mpi/intel64/bin/mpicxx   -v -std=gnu++11 -o CMakeFiles/cmTC_a2465.dir/CMakeCXXCompilerABI.cpp.o -c /opt/apps/cmake/3.24.2/share/cmake-3.24/Modules/CMakeCXXCompilerABI.cpp
mpigxx for the Intel(R) MPI Library 2019 Update 9 for Linux*
Copyright 2003-2020, Intel Corporation.
Using built-in specs.
COLLECT_GCC=g++
Target: x86_64-pc-linux-gnu
Configured with: /admin/build/admin/rpms/frontera/BUILD/gcc-9.1.0/configure --enable-libssp --enable-gold=yes --enable-ld=default --enable-plugins --enable-lto --with-tune=generic --enable-languages=c,c++,fortran --disable-multilib --prefix=/opt/apps/gcc/9.1.0 --with-gmp=/opt/apps/gcc/9.1.0 --with-mlgmp=/opt/apps/gcc/9.1.0 --with-mpfr=/opt/apps/gcc/9.1.0 --with-mpc=/opt/apps/gcc/9.1.0 --with-isl=/opt/apps/gcc/9.1.0
Thread model: posix
gcc version 9.1.0 (GCC) 
COLLECT_GCC_OPTIONS='-v' '-std=gnu++11' '-o' 'CMakeFiles/cmTC_a2465.dir/CMakeCXXCompilerABI.cpp.o' '-c' '-I' '/opt/intel/compilers_and_libraries_2020.4.304/linux/mpi/intel64/include' '-shared-libgcc' '-mtune=generic' '-march=x86-64'
 /opt/apps/gcc/9.1.0/libexec/gcc/x86_64-pc-linux-gnu/9.1.0/cc1plus -quiet -v -I /opt/intel/compilers_and_libraries_2020.4.304/linux/mpi/intel64/include -D_GNU_SOURCE /opt/apps/cmake/3.24.2/share/cmake-3.24/Modules/CMakeCXXCompilerABI.cpp -quiet -dumpbase CMakeCXXCompilerABI.cpp -mtune=generic -march=x86-64 -auxbase-strip CMakeFiles/cmTC_a2465.dir/CMakeCXXCompilerABI.cpp.o -std=gnu++11 -version -o /tmp/ccbVRIIE.s
GNU C++11 (GCC) version 9.1.0 (x86_64-pc-linux-gnu)
	compiled by GNU C version 9.1.0, GMP version 6.1.2, MPFR version 4.0.2, MPC version 1.1.0, isl version isl-0.21-GMP

GGC heuristics: --param ggc-min-expand=100 --param ggc-min-heapsize=131072
ignoring nonexistent directory "/opt/apps/gcc/9.1.0/lib/gcc/x86_64-pc-linux-gnu/9.1.0/../../../../x86_64-pc-linux-gnu/include"
ignoring duplicate directory "."
  as it is a non-system directory that duplicates a system directory
#include "..." search starts here:
#include <...> search starts here:
 /opt/intel/compilers_and_libraries_2020.4.304/linux/mpi/intel64/include
 /home1/08335/jms26/preCICE/install/include
 /opt/apps/gcc9_1/python3_8/boost/1.72/include
 .
 /opt/apps/gcc/9.1.0/lib/gcc/x86_64-pc-linux-gnu/9.1.0/../../../../include/c++/9.1.0
 /opt/apps/gcc/9.1.0/lib/gcc/x86_64-pc-linux-gnu/9.1.0/../../../../include/c++/9.1.0/x86_64-pc-linux-gnu
 /opt/apps/gcc/9.1.0/lib/gcc/x86_64-pc-linux-gnu/9.1.0/../../../../include/c++/9.1.0/backward
 /opt/apps/gcc/9.1.0/lib/gcc/x86_64-pc-linux-gnu/9.1.0/include
 /usr/local/include
 /opt/apps/gcc/9.1.0/include
 /opt/apps/gcc/9.1.0/lib/gcc/x86_64-pc-linux-gnu/9.1.0/include-fixed
 /usr/include
End of search list.
GNU C++11 (GCC) version 9.1.0 (x86_64-pc-linux-gnu)
	compiled by GNU C version 9.1.0, GMP version 6.1.2, MPFR version 4.0.2, MPC version 1.1.0, isl version isl-0.21-GMP

GGC heuristics: --param ggc-min-expand=100 --param ggc-min-heapsize=131072
Compiler executable checksum: 9da9ee16a5113222438f7ea5237bcf6d
COLLECT_GCC_OPTIONS='-v' '-std=gnu++11' '-o' 'CMakeFiles/cmTC_a2465.dir/CMakeCXXCompilerABI.cpp.o' '-c' '-I' '/opt/intel/compilers_and_libraries_2020.4.304/linux/mpi/intel64/include' '-shared-libgcc' '-mtune=generic' '-march=x86-64'
 /opt/apps/gcc/9.1.0/lib/gcc/x86_64-pc-linux-gnu/9.1.0/../../../../x86_64-pc-linux-gnu/bin/as -v -I /opt/intel/compilers_and_libraries_2020.4.304/linux/mpi/intel64/include --64 -o CMakeFiles/cmTC_a2465.dir/CMakeCXXCompilerABI.cpp.o /tmp/ccbVRIIE.s
GNU assembler version 2.32 (x86_64-pc-linux-gnu) using BFD version (GNU Binutils) 2.32
COMPILER_PATH=/opt/apps/xalt/xalt/bin/:/opt/apps/gcc/9.1.0/libexec/gcc/x86_64-pc-linux-gnu/9.1.0/:/opt/apps/gcc/9.1.0/libexec/gcc/x86_64-pc-linux-gnu/9.1.0/:/opt/apps/gcc/9.1.0/libexec/gcc/x86_64-pc-linux-gnu/:/opt/apps/gcc/9.1.0/lib/gcc/x86_64-pc-linux-gnu/9.1.0/:/opt/apps/gcc/9.1.0/lib/gcc/x86_64-pc-linux-gnu/:/opt/apps/gcc/9.1.0/lib/gcc/x86_64-pc-linux-gnu/9.1.0/../../../../x86_64-pc-linux-gnu/bin/
LIBRARY_PATH=/home1/08335/jms26/preCICE/install/lib64/../lib64/:/opt/apps/gcc/9.1.0/lib/gcc/x86_64-pc-linux-gnu/9.1.0/:/opt/apps/gcc/9.1.0/lib/gcc/x86_64-pc-linux-gnu/9.1.0/../../../../lib64/:/lib/../lib64/:/usr/lib/../lib64/:/home1/08335/jms26/preCICE/install/lib64/:/opt/apps/gcc9_1/python3_8/boost/1.72/lib/:./:/opt/apps/gcc/9.1.0/lib/gcc/x86_64-pc-linux-gnu/9.1.0/../../../../x86_64-pc-linux-gnu/lib/:/opt/apps/gcc/9.1.0/lib/gcc/x86_64-pc-linux-gnu/9.1.0/../../../:/lib/:/usr/lib/
COLLECT_GCC_OPTIONS='-v' '-std=gnu++11' '-o' 'CMakeFiles/cmTC_a2465.dir/CMakeCXXCompilerABI.cpp.o' '-c' '-I' '/opt/intel/compilers_and_libraries_2020.4.304/linux/mpi/intel64/include' '-shared-libgcc' '-mtune=generic' '-march=x86-64'
Linking CXX executable cmTC_a2465
/opt/apps/cmake/3.24.2/bin/cmake -E cmake_link_script CMakeFiles/cmTC_a2465.dir/link.txt --verbose=1
/opt/intel/compilers_and_libraries_2020.4.304/linux/mpi/intel64/bin/mpicxx  -v CMakeFiles/cmTC_a2465.dir/CMakeCXXCompilerABI.cpp.o -o cmTC_a2465 
mpigxx for the Intel(R) MPI Library 2019 Update 9 for Linux*
Copyright 2003-2020, Intel Corporation.
Using built-in specs.
COLLECT_GCC=g++
COLLECT_LTO_WRAPPER=/opt/apps/gcc/9.1.0/libexec/gcc/x86_64-pc-linux-gnu/9.1.0/lto-wrapper
Target: x86_64-pc-linux-gnu
Configured with: /admin/build/admin/rpms/frontera/BUILD/gcc-9.1.0/configure --enable-libssp --enable-gold=yes --enable-ld=default --enable-plugins --enable-lto --with-tune=generic --enable-languages=c,c++,fortran --disable-multilib --prefix=/opt/apps/gcc/9.1.0 --with-gmp=/opt/apps/gcc/9.1.0 --with-mlgmp=/opt/apps/gcc/9.1.0 --with-mpfr=/opt/apps/gcc/9.1.0 --with-mpc=/opt/apps/gcc/9.1.0 --with-isl=/opt/apps/gcc/9.1.0
Thread model: posix
gcc version 9.1.0 (GCC) 
COMPILER_PATH=/opt/apps/xalt/xalt/bin/:/opt/apps/gcc/9.1.0/libexec/gcc/x86_64-pc-linux-gnu/9.1.0/:/opt/apps/gcc/9.1.0/libexec/gcc/x86_64-pc-linux-gnu/9.1.0/:/opt/apps/gcc/9.1.0/libexec/gcc/x86_64-pc-linux-gnu/:/opt/apps/gcc/9.1.0/lib/gcc/x86_64-pc-linux-gnu/9.1.0/:/opt/apps/gcc/9.1.0/lib/gcc/x86_64-pc-linux-gnu/:/opt/apps/gcc/9.1.0/lib/gcc/x86_64-pc-linux-gnu/9.1.0/../../../../x86_64-pc-linux-gnu/bin/
LIBRARY_PATH=/home1/08335/jms26/preCICE/install/lib64/../lib64/:/opt/apps/gcc/9.1.0/lib/gcc/x86_64-pc-linux-gnu/9.1.0/:/opt/apps/gcc/9.1.0/lib/gcc/x86_64-pc-linux-gnu/9.1.0/../../../../lib64/:/lib/../lib64/:/usr/lib/../lib64/:/home1/08335/jms26/preCICE/install/lib64/:/opt/apps/gcc9_1/python3_8/boost/1.72/lib/:./:/opt/apps/gcc/9.1.0/lib/gcc/x86_64-pc-linux-gnu/9.1.0/../../../../x86_64-pc-linux-gnu/lib/:/opt/apps/gcc/9.1.0/lib/gcc/x86_64-pc-linux-gnu/9.1.0/../../../:/lib/:/usr/lib/
COLLECT_GCC_OPTIONS='-v' '-o' 'cmTC_a2465' '-I' '/opt/intel/compilers_and_libraries_2020.4.304/linux/mpi/intel64/include' '-L/opt/intel/compilers_and_libraries_2020.4.304/linux/mpi/intel64/lib/release' '-L/opt/intel/compilers_and_libraries_2020.4.304/linux/mpi/intel64/lib' '-shared-libgcc' '-mtune=generic' '-march=x86-64'
 /opt/apps/gcc/9.1.0/libexec/gcc/x86_64-pc-linux-gnu/9.1.0/collect2 -plugin /opt/apps/gcc/9.1.0/libexec/gcc/x86_64-pc-linux-gnu/9.1.0/liblto_plugin.so -plugin-opt=/opt/apps/gcc/9.1.0/libexec/gcc/x86_64-pc-linux-gnu/9.1.0/lto-wrapper -plugin-opt=-fresolution=/tmp/cccPB4xN.res -plugin-opt=-pass-through=-lgcc_s -plugin-opt=-pass-through=-lgcc -plugin-opt=-pass-through=-lc -plugin-opt=-pass-through=-lgcc_s -plugin-opt=-pass-through=-lgcc --eh-frame-hdr -m elf_x86_64 -dynamic-linker /lib64/ld-linux-x86-64.so.2 -o cmTC_a2465 /lib/../lib64/crt1.o /lib/../lib64/crti.o /opt/apps/gcc/9.1.0/lib/gcc/x86_64-pc-linux-gnu/9.1.0/crtbegin.o -L/opt/intel/compilers_and_libraries_2020.4.304/linux/mpi/intel64/lib/release -L/opt/intel/compilers_and_libraries_2020.4.304/linux/mpi/intel64/lib -L/home1/08335/jms26/preCICE/install/lib64/../lib64 -L/opt/apps/gcc/9.1.0/lib/gcc/x86_64-pc-linux-gnu/9.1.0 -L/opt/apps/gcc/9.1.0/lib/gcc/x86_64-pc-linux-gnu/9.1.0/../../../../lib64 -L/lib/../lib64 -L/usr/lib/../lib64 -L/home1/08335/jms26/preCICE/install/lib64 -L/opt/apps/gcc9_1/python3_8/boost/1.72/lib -L. -L/opt/apps/gcc/9.1.0/lib/gcc/x86_64-pc-linux-gnu/9.1.0/../../../../x86_64-pc-linux-gnu/lib -L/opt/apps/gcc/9.1.0/lib/gcc/x86_64-pc-linux-gnu/9.1.0/../../.. CMakeFiles/cmTC_a2465.dir/CMakeCXXCompilerABI.cpp.o --enable-new-dtags -rpath /opt/intel/compilers_and_libraries_2020.4.304/linux/mpi/intel64/lib/release -rpath /opt/intel/compilers_and_libraries_2020.4.304/linux/mpi/intel64/lib -lmpicxx -lmpifort -lmpi -lrt -lpthread -z now -z relro -z noexecstack --enable-new-dtags -ldl -lstdc++ -lm -lgcc_s -lgcc -lc -lgcc_s -lgcc /opt/apps/gcc/9.1.0/lib/gcc/x86_64-pc-linux-gnu/9.1.0/crtend.o /lib/../lib64/crtn.o
COLLECT_GCC_OPTIONS='-v' '-o' 'cmTC_a2465' '-I' '/opt/intel/compilers_and_libraries_2020.4.304/linux/mpi/intel64/include' '-L/opt/intel/compilers_and_libraries_2020.4.304/linux/mpi/intel64/lib/release' '-L/opt/intel/compilers_and_libraries_2020.4.304/linux/mpi/intel64/lib' '-shared-libgcc' '-mtune=generic' '-march=x86-64'
gmake[1]: Leaving directory `/work2/08335/jms26/frontera/jots/build/CMakeFiles/CMakeTmp'



Parsed CXX implicit include dir info from above output: rv=done
  found start of include info
  found start of implicit include info
    add: [/opt/intel/compilers_and_libraries_2020.4.304/linux/mpi/intel64/include]
    add: [/home1/08335/jms26/preCICE/install/include]
    add: [/opt/apps/gcc9_1/python3_8/boost/1.72/include]
    add: [.]
    add: [/opt/apps/gcc/9.1.0/lib/gcc/x86_64-pc-linux-gnu/9.1.0/../../../../include/c++/9.1.0]
    add: [/opt/apps/gcc/9.1.0/lib/gcc/x86_64-pc-linux-gnu/9.1.0/../../../../include/c++/9.1.0/x86_64-pc-linux-gnu]
    add: [/opt/apps/gcc/9.1.0/lib/gcc/x86_64-pc-linux-gnu/9.1.0/../../../../include/c++/9.1.0/backward]
    add: [/opt/apps/gcc/9.1.0/lib/gcc/x86_64-pc-linux-gnu/9.1.0/include]
    add: [/usr/local/include]
    add: [/opt/apps/gcc/9.1.0/include]
    add: [/opt/apps/gcc/9.1.0/lib/gcc/x86_64-pc-linux-gnu/9.1.0/include-fixed]
    add: [/usr/include]
  end of search list found
  collapse include dir [/opt/intel/compilers_and_libraries_2020.4.304/linux/mpi/intel64/include] ==> [/opt/intel/compilers_and_libraries_2020.4.304/linux/mpi/intel64/include]
  collapse include dir [/home1/08335/jms26/preCICE/install/include] ==> [/home1/08335/jms26/preCICE/install/include]
  collapse include dir [/opt/apps/gcc9_1/python3_8/boost/1.72/include] ==> [/opt/apps/gcc9_1/python3_8/boost/1.72/include]
  skipping relative include dir [.]
  collapse include dir [/opt/apps/gcc/9.1.0/lib/gcc/x86_64-pc-linux-gnu/9.1.0/../../../../include/c++/9.1.0] ==> [/opt/apps/gcc/9.1.0/include/c++/9.1.0]
  collapse include dir [/opt/apps/gcc/9.1.0/lib/gcc/x86_64-pc-linux-gnu/9.1.0/../../../../include/c++/9.1.0/x86_64-pc-linux-gnu] ==> [/opt/apps/gcc/9.1.0/include/c++/9.1.0/x86_64-pc-linux-gnu]
  collapse include dir [/opt/apps/gcc/9.1.0/lib/gcc/x86_64-pc-linux-gnu/9.1.0/../../../../include/c++/9.1.0/backward] ==> [/opt/apps/gcc/9.1.0/include/c++/9.1.0/backward]
  collapse include dir [/opt/apps/gcc/9.1.0/lib/gcc/x86_64-pc-linux-gnu/9.1.0/include] ==> [/opt/apps/gcc/9.1.0/lib/gcc/x86_64-pc-linux-gnu/9.1.0/include]
  collapse include dir [/usr/local/include] ==> [/usr/local/include]
  collapse include dir [/opt/apps/gcc/9.1.0/include] ==> [/opt/apps/gcc/9.1.0/include]
  collapse include dir [/opt/apps/gcc/9.1.0/lib/gcc/x86_64-pc-linux-gnu/9.1.0/include-fixed] ==> [/opt/apps/gcc/9.1.0/lib/gcc/x86_64-pc-linux-gnu/9.1.0/include-fixed]
  collapse include dir [/usr/include] ==> [/usr/include]
  implicit include dirs: [/opt/intel/compilers_and_libraries_2020.4.304/linux/mpi/intel64/include;/home1/08335/jms26/preCICE/install/include;/opt/apps/gcc9_1/python3_8/boost/1.72/include;/opt/apps/gcc/9.1.0/include/c++/9.1.0;/opt/apps/gcc/9.1.0/include/c++/9.1.0/x86_64-pc-linux-gnu;/opt/apps/gcc/9.1.0/include/c++/9.1.0/backward;/opt/apps/gcc/9.1.0/lib/gcc/x86_64-pc-linux-gnu/9.1.0/include;/usr/local/include;/opt/apps/gcc/9.1.0/include;/opt/apps/gcc/9.1.0/lib/gcc/x86_64-pc-linux-gnu/9.1.0/include-fixed;/usr/include]


Parsed CXX implicit link information from above output:
  link line regex: [^( *|.*[/\])(ld|CMAKE_LINK_STARTFILE-NOTFOUND|([^/\]+-)?ld|collect2)[^/\]*( |$)]
  ignore line: [Change Dir: /work2/08335/jms26/frontera/jots/build/CMakeFiles/CMakeTmp]
  ignore line: []
  ignore line: [Run Build Command(s):/usr/bin/gmake -f Makefile cmTC_a2465/fast && /usr/bin/gmake  -f CMakeFiles/cmTC_a2465.dir/build.make CMakeFiles/cmTC_a2465.dir/build]
  ignore line: [gmake[1]: Entering directory `/work2/08335/jms26/frontera/jots/build/CMakeFiles/CMakeTmp']
  ignore line: [Building CXX object CMakeFiles/cmTC_a2465.dir/CMakeCXXCompilerABI.cpp.o]
  ignore line: [/opt/intel/compilers_and_libraries_2020.4.304/linux/mpi/intel64/bin/mpicxx   -v -std=gnu++11 -o CMakeFiles/cmTC_a2465.dir/CMakeCXXCompilerABI.cpp.o -c /opt/apps/cmake/3.24.2/share/cmake-3.24/Modules/CMakeCXXCompilerABI.cpp]
  ignore line: [mpigxx for the Intel(R) MPI Library 2019 Update 9 for Linux*]
  ignore line: [Copyright 2003-2020  Intel Corporation.]
  ignore line: [Using built-in specs.]
  ignore line: [COLLECT_GCC=g++]
  ignore line: [Target: x86_64-pc-linux-gnu]
  ignore line: [Configured with: /admin/build/admin/rpms/frontera/BUILD/gcc-9.1.0/configure --enable-libssp --enable-gold=yes --enable-ld=default --enable-plugins --enable-lto --with-tune=generic --enable-languages=c,c++,fortran --disable-multilib --prefix=/opt/apps/gcc/9.1.0 --with-gmp=/opt/apps/gcc/9.1.0 --with-mlgmp=/opt/apps/gcc/9.1.0 --with-mpfr=/opt/apps/gcc/9.1.0 --with-mpc=/opt/apps/gcc/9.1.0 --with-isl=/opt/apps/gcc/9.1.0]
  ignore line: [Thread model: posix]
  ignore line: [gcc version 9.1.0 (GCC) ]
  ignore line: [COLLECT_GCC_OPTIONS='-v' '-std=gnu++11' '-o' 'CMakeFiles/cmTC_a2465.dir/CMakeCXXCompilerABI.cpp.o' '-c' '-I' '/opt/intel/compilers_and_libraries_2020.4.304/linux/mpi/intel64/include' '-shared-libgcc' '-mtune=generic' '-march=x86-64']
  ignore line: [ /opt/apps/gcc/9.1.0/libexec/gcc/x86_64-pc-linux-gnu/9.1.0/cc1plus -quiet -v -I /opt/intel/compilers_and_libraries_2020.4.304/linux/mpi/intel64/include -D_GNU_SOURCE /opt/apps/cmake/3.24.2/share/cmake-3.24/Modules/CMakeCXXCompilerABI.cpp -quiet -dumpbase CMakeCXXCompilerABI.cpp -mtune=generic -march=x86-64 -auxbase-strip CMakeFiles/cmTC_a2465.dir/CMakeCXXCompilerABI.cpp.o -std=gnu++11 -version -o /tmp/ccbVRIIE.s]
  ignore line: [GNU C++11 (GCC) version 9.1.0 (x86_64-pc-linux-gnu)]
  ignore line: [	compiled by GNU C version 9.1.0  GMP version 6.1.2  MPFR version 4.0.2  MPC version 1.1.0  isl version isl-0.21-GMP]
  ignore line: []
  ignore line: [GGC heuristics: --param ggc-min-expand=100 --param ggc-min-heapsize=131072]
  ignore line: [ignoring nonexistent directory "/opt/apps/gcc/9.1.0/lib/gcc/x86_64-pc-linux-gnu/9.1.0/../../../../x86_64-pc-linux-gnu/include"]
  ignore line: [ignoring duplicate directory "."]
  ignore line: [  as it is a non-system directory that duplicates a system directory]
  ignore line: [#include "..." search starts here:]
  ignore line: [#include <...> search starts here:]
  ignore line: [ /opt/intel/compilers_and_libraries_2020.4.304/linux/mpi/intel64/include]
  ignore line: [ /home1/08335/jms26/preCICE/install/include]
  ignore line: [ /opt/apps/gcc9_1/python3_8/boost/1.72/include]
  ignore line: [ .]
  ignore line: [ /opt/apps/gcc/9.1.0/lib/gcc/x86_64-pc-linux-gnu/9.1.0/../../../../include/c++/9.1.0]
  ignore line: [ /opt/apps/gcc/9.1.0/lib/gcc/x86_64-pc-linux-gnu/9.1.0/../../../../include/c++/9.1.0/x86_64-pc-linux-gnu]
  ignore line: [ /opt/apps/gcc/9.1.0/lib/gcc/x86_64-pc-linux-gnu/9.1.0/../../../../include/c++/9.1.0/backward]
  ignore line: [ /opt/apps/gcc/9.1.0/lib/gcc/x86_64-pc-linux-gnu/9.1.0/include]
  ignore line: [ /usr/local/include]
  ignore line: [ /opt/apps/gcc/9.1.0/include]
  ignore line: [ /opt/apps/gcc/9.1.0/lib/gcc/x86_64-pc-linux-gnu/9.1.0/include-fixed]
  ignore line: [ /usr/include]
  ignore line: [End of search list.]
  ignore line: [GNU C++11 (GCC) version 9.1.0 (x86_64-pc-linux-gnu)]
  ignore line: [	compiled by GNU C version 9.1.0  GMP version 6.1.2  MPFR version 4.0.2  MPC version 1.1.0  isl version isl-0.21-GMP]
  ignore line: []
  ignore line: [GGC heuristics: --param ggc-min-expand=100 --param ggc-min-heapsize=131072]
  ignore line: [Compiler executable checksum: 9da9ee16a5113222438f7ea5237bcf6d]
  ignore line: [COLLECT_GCC_OPTIONS='-v' '-std=gnu++11' '-o' 'CMakeFiles/cmTC_a2465.dir/CMakeCXXCompilerABI.cpp.o' '-c' '-I' '/opt/intel/compilers_and_libraries_2020.4.304/linux/mpi/intel64/include' '-shared-libgcc' '-mtune=generic' '-march=x86-64']
  ignore line: [ /opt/apps/gcc/9.1.0/lib/gcc/x86_64-pc-linux-gnu/9.1.0/../../../../x86_64-pc-linux-gnu/bin/as -v -I /opt/intel/compilers_and_libraries_2020.4.304/linux/mpi/intel64/include --64 -o CMakeFiles/cmTC_a2465.dir/CMakeCXXCompilerABI.cpp.o /tmp/ccbVRIIE.s]
  ignore line: [GNU assembler version 2.32 (x86_64-pc-linux-gnu) using BFD version (GNU Binutils) 2.32]
  ignore line: [COMPILER_PATH=/opt/apps/xalt/xalt/bin/:/opt/apps/gcc/9.1.0/libexec/gcc/x86_64-pc-linux-gnu/9.1.0/:/opt/apps/gcc/9.1.0/libexec/gcc/x86_64-pc-linux-gnu/9.1.0/:/opt/apps/gcc/9.1.0/libexec/gcc/x86_64-pc-linux-gnu/:/opt/apps/gcc/9.1.0/lib/gcc/x86_64-pc-linux-gnu/9.1.0/:/opt/apps/gcc/9.1.0/lib/gcc/x86_64-pc-linux-gnu/:/opt/apps/gcc/9.1.0/lib/gcc/x86_64-pc-linux-gnu/9.1.0/../../../../x86_64-pc-linux-gnu/bin/]
  ignore line: [LIBRARY_PATH=/home1/08335/jms26/preCICE/install/lib64/../lib64/:/opt/apps/gcc/9.1.0/lib/gcc/x86_64-pc-linux-gnu/9.1.0/:/opt/apps/gcc/9.1.0/lib/gcc/x86_64-pc-linux-gnu/9.1.0/../../../../lib64/:/lib/../lib64/:/usr/lib/../lib64/:/home1/08335/jms26/preCICE/install/lib64/:/opt/apps/gcc9_1/python3_8/boost/1.72/lib/:./:/opt/apps/gcc/9.1.0/lib/gcc/x86_64-pc-linux-gnu/9.1.0/../../../../x86_64-pc-linux-gnu/lib/:/opt/apps/gcc/9.1.0/lib/gcc/x86_64-pc-linux-gnu/9.1.0/../../../:/lib/:/usr/lib/]
  ignore line: [COLLECT_GCC_OPTIONS='-v' '-std=gnu++11' '-o' 'CMakeFiles/cmTC_a2465.dir/CMakeCXXCompilerABI.cpp.o' '-c' '-I' '/opt/intel/compilers_and_libraries_2020.4.304/linux/mpi/intel64/include' '-shared-libgcc' '-mtune=generic' '-march=x86-64']
  ignore line: [Linking CXX executable cmTC_a2465]
  ignore line: [/opt/apps/cmake/3.24.2/bin/cmake -E cmake_link_script CMakeFiles/cmTC_a2465.dir/link.txt --verbose=1]
  ignore line: [/opt/intel/compilers_and_libraries_2020.4.304/linux/mpi/intel64/bin/mpicxx  -v CMakeFiles/cmTC_a2465.dir/CMakeCXXCompilerABI.cpp.o -o cmTC_a2465 ]
  ignore line: [mpigxx for the Intel(R) MPI Library 2019 Update 9 for Linux*]
  ignore line: [Copyright 2003-2020  Intel Corporation.]
  ignore line: [Using built-in specs.]
  ignore line: [COLLECT_GCC=g++]
  ignore line: [COLLECT_LTO_WRAPPER=/opt/apps/gcc/9.1.0/libexec/gcc/x86_64-pc-linux-gnu/9.1.0/lto-wrapper]
  ignore line: [Target: x86_64-pc-linux-gnu]
  ignore line: [Configured with: /admin/build/admin/rpms/frontera/BUILD/gcc-9.1.0/configure --enable-libssp --enable-gold=yes --enable-ld=default --enable-plugins --enable-lto --with-tune=generic --enable-languages=c,c++,fortran --disable-multilib --prefix=/opt/apps/gcc/9.1.0 --with-gmp=/opt/apps/gcc/9.1.0 --with-mlgmp=/opt/apps/gcc/9.1.0 --with-mpfr=/opt/apps/gcc/9.1.0 --with-mpc=/opt/apps/gcc/9.1.0 --with-isl=/opt/apps/gcc/9.1.0]
  ignore line: [Thread model: posix]
  ignore line: [gcc version 9.1.0 (GCC) ]
  ignore line: [COMPILER_PATH=/opt/apps/xalt/xalt/bin/:/opt/apps/gcc/9.1.0/libexec/gcc/x86_64-pc-linux-gnu/9.1.0/:/opt/apps/gcc/9.1.0/libexec/gcc/x86_64-pc-linux-gnu/9.1.0/:/opt/apps/gcc/9.1.0/libexec/gcc/x86_64-pc-linux-gnu/:/opt/apps/gcc/9.1.0/lib/gcc/x86_64-pc-linux-gnu/9.1.0/:/opt/apps/gcc/9.1.0/lib/gcc/x86_64-pc-linux-gnu/:/opt/apps/gcc/9.1.0/lib/gcc/x86_64-pc-linux-gnu/9.1.0/../../../../x86_64-pc-linux-gnu/bin/]
  ignore line: [LIBRARY_PATH=/home1/08335/jms26/preCICE/install/lib64/../lib64/:/opt/apps/gcc/9.1.0/lib/gcc/x86_64-pc-linux-gnu/9.1.0/:/opt/apps/gcc/9.1.0/lib/gcc/x86_64-pc-linux-gnu/9.1.0/../../../../lib64/:/lib/../lib64/:/usr/lib/../lib64/:/home1/08335/jms26/preCICE/install/lib64/:/opt/apps/gcc9_1/python3_8/boost/1.72/lib/:./:/opt/apps/gcc/9.1.0/lib/gcc/x86_64-pc-linux-gnu/9.1.0/../../../../x86_64-pc-linux-gnu/lib/:/opt/apps/gcc/9.1.0/lib/gcc/x86_64-pc-linux-gnu/9.1.0/../../../:/lib/:/usr/lib/]
  ignore line: [COLLECT_GCC_OPTIONS='-v' '-o' 'cmTC_a2465' '-I' '/opt/intel/compilers_and_libraries_2020.4.304/linux/mpi/intel64/include' '-L/opt/intel/compilers_and_libraries_2020.4.304/linux/mpi/intel64/lib/release' '-L/opt/intel/compilers_and_libraries_2020.4.304/linux/mpi/intel64/lib' '-shared-libgcc' '-mtune=generic' '-march=x86-64']
  link line: [ /opt/apps/gcc/9.1.0/libexec/gcc/x86_64-pc-linux-gnu/9.1.0/collect2 -plugin /opt/apps/gcc/9.1.0/libexec/gcc/x86_64-pc-linux-gnu/9.1.0/liblto_plugin.so -plugin-opt=/opt/apps/gcc/9.1.0/libexec/gcc/x86_64-pc-linux-gnu/9.1.0/lto-wrapper -plugin-opt=-fresolution=/tmp/cccPB4xN.res -plugin-opt=-pass-through=-lgcc_s -plugin-opt=-pass-through=-lgcc -plugin-opt=-pass-through=-lc -plugin-opt=-pass-through=-lgcc_s -plugin-opt=-pass-through=-lgcc --eh-frame-hdr -m elf_x86_64 -dynamic-linker /lib64/ld-linux-x86-64.so.2 -o cmTC_a2465 /lib/../lib64/crt1.o /lib/../lib64/crti.o /opt/apps/gcc/9.1.0/lib/gcc/x86_64-pc-linux-gnu/9.1.0/crtbegin.o -L/opt/intel/compilers_and_libraries_2020.4.304/linux/mpi/intel64/lib/release -L/opt/intel/compilers_and_libraries_2020.4.304/linux/mpi/intel64/lib -L/home1/08335/jms26/preCICE/install/lib64/../lib64 -L/opt/apps/gcc/9.1.0/lib/gcc/x86_64-pc-linux-gnu/9.1.0 -L/opt/apps/gcc/9.1.0/lib/gcc/x86_64-pc-linux-gnu/9.1.0/../../../../lib64 -L/lib/../lib64 -L/usr/lib/../lib64 -L/home1/08335/jms26/preCICE/install/lib64 -L/opt/apps/gcc9_1/python3_8/boost/1.72/lib -L. -L/opt/apps/gcc/9.1.0/lib/gcc/x86_64-pc-linux-gnu/9.1.0/../../../../x86_64-pc-linux-gnu/lib -L/opt/apps/gcc/9.1.0/lib/gcc/x86_64-pc-linux-gnu/9.1.0/../../.. CMakeFiles/cmTC_a2465.dir/CMakeCXXCompilerABI.cpp.o --enable-new-dtags -rpath /opt/intel/compilers_and_libraries_2020.4.304/linux/mpi/intel64/lib/release -rpath /opt/intel/compilers_and_libraries_2020.4.304/linux/mpi/intel64/lib -lmpicxx -lmpifort -lmpi -lrt -lpthread -z now -z relro -z noexecstack --enable-new-dtags -ldl -lstdc++ -lm -lgcc_s -lgcc -lc -lgcc_s -lgcc /opt/apps/gcc/9.1.0/lib/gcc/x86_64-pc-linux-gnu/9.1.0/crtend.o /lib/../lib64/crtn.o]
    arg [/opt/apps/gcc/9.1.0/libexec/gcc/x86_64-pc-linux-gnu/9.1.0/collect2] ==> ignore
    arg [-plugin] ==> ignore
    arg [/opt/apps/gcc/9.1.0/libexec/gcc/x86_64-pc-linux-gnu/9.1.0/liblto_plugin.so] ==> ignore
    arg [-plugin-opt=/opt/apps/gcc/9.1.0/libexec/gcc/x86_64-pc-linux-gnu/9.1.0/lto-wrapper] ==> ignore
    arg [-plugin-opt=-fresolution=/tmp/cccPB4xN.res] ==> ignore
    arg [-plugin-opt=-pass-through=-lgcc_s] ==> ignore
    arg [-plugin-opt=-pass-through=-lgcc] ==> ignore
    arg [-plugin-opt=-pass-through=-lc] ==> ignore
    arg [-plugin-opt=-pass-through=-lgcc_s] ==> ignore
    arg [-plugin-opt=-pass-through=-lgcc] ==> ignore
    arg [--eh-frame-hdr] ==> ignore
    arg [-m] ==> ignore
    arg [elf_x86_64] ==> ignore
    arg [-dynamic-linker] ==> ignore
    arg [/lib64/ld-linux-x86-64.so.2] ==> ignore
    arg [-o] ==> ignore
    arg [cmTC_a2465] ==> ignore
    arg [/lib/../lib64/crt1.o] ==> obj [/lib/../lib64/crt1.o]
    arg [/lib/../lib64/crti.o] ==> obj [/lib/../lib64/crti.o]
    arg [/opt/apps/gcc/9.1.0/lib/gcc/x86_64-pc-linux-gnu/9.1.0/crtbegin.o] ==> obj [/opt/apps/gcc/9.1.0/lib/gcc/x86_64-pc-linux-gnu/9.1.0/crtbegin.o]
    arg [-L/opt/intel/compilers_and_libraries_2020.4.304/linux/mpi/intel64/lib/release] ==> dir [/opt/intel/compilers_and_libraries_2020.4.304/linux/mpi/intel64/lib/release]
    arg [-L/opt/intel/compilers_and_libraries_2020.4.304/linux/mpi/intel64/lib] ==> dir [/opt/intel/compilers_and_libraries_2020.4.304/linux/mpi/intel64/lib]
    arg [-L/home1/08335/jms26/preCICE/install/lib64/../lib64] ==> dir [/home1/08335/jms26/preCICE/install/lib64/../lib64]
    arg [-L/opt/apps/gcc/9.1.0/lib/gcc/x86_64-pc-linux-gnu/9.1.0] ==> dir [/opt/apps/gcc/9.1.0/lib/gcc/x86_64-pc-linux-gnu/9.1.0]
    arg [-L/opt/apps/gcc/9.1.0/lib/gcc/x86_64-pc-linux-gnu/9.1.0/../../../../lib64] ==> dir [/opt/apps/gcc/9.1.0/lib/gcc/x86_64-pc-linux-gnu/9.1.0/../../../../lib64]
    arg [-L/lib/../lib64] ==> dir [/lib/../lib64]
    arg [-L/usr/lib/../lib64] ==> dir [/usr/lib/../lib64]
    arg [-L/home1/08335/jms26/preCICE/install/lib64] ==> dir [/home1/08335/jms26/preCICE/install/lib64]
    arg [-L/opt/apps/gcc9_1/python3_8/boost/1.72/lib] ==> dir [/opt/apps/gcc9_1/python3_8/boost/1.72/lib]
    arg [-L.] ==> ignore
    arg [-L/opt/apps/gcc/9.1.0/lib/gcc/x86_64-pc-linux-gnu/9.1.0/../../../../x86_64-pc-linux-gnu/lib] ==> dir [/opt/apps/gcc/9.1.0/lib/gcc/x86_64-pc-linux-gnu/9.1.0/../../../../x86_64-pc-linux-gnu/lib]
    arg [-L/opt/apps/gcc/9.1.0/lib/gcc/x86_64-pc-linux-gnu/9.1.0/../../..] ==> dir [/opt/apps/gcc/9.1.0/lib/gcc/x86_64-pc-linux-gnu/9.1.0/../../..]
    arg [CMakeFiles/cmTC_a2465.dir/CMakeCXXCompilerABI.cpp.o] ==> ignore
    arg [--enable-new-dtags] ==> ignore
    arg [-rpath] ==> ignore
    arg [/opt/intel/compilers_and_libraries_2020.4.304/linux/mpi/intel64/lib/release] ==> ignore
    arg [-rpath] ==> ignore
    arg [/opt/intel/compilers_and_libraries_2020.4.304/linux/mpi/intel64/lib] ==> ignore
    arg [-lmpicxx] ==> lib [mpicxx]
    arg [-lmpifort] ==> lib [mpifort]
    arg [-lmpi] ==> lib [mpi]
    arg [-lrt] ==> lib [rt]
    arg [-lpthread] ==> lib [pthread]
    arg [-znow] ==> ignore
    arg [-zrelro] ==> ignore
    arg [-znoexecstack] ==> ignore
    arg [--enable-new-dtags] ==> ignore
    arg [-ldl] ==> lib [dl]
    arg [-lstdc++] ==> lib [stdc++]
    arg [-lm] ==> lib [m]
    arg [-lgcc_s] ==> lib [gcc_s]
    arg [-lgcc] ==> lib [gcc]
    arg [-lc] ==> lib [c]
    arg [-lgcc_s] ==> lib [gcc_s]
    arg [-lgcc] ==> lib [gcc]
    arg [/opt/apps/gcc/9.1.0/lib/gcc/x86_64-pc-linux-gnu/9.1.0/crtend.o] ==> obj [/opt/apps/gcc/9.1.0/lib/gcc/x86_64-pc-linux-gnu/9.1.0/crtend.o]
    arg [/lib/../lib64/crtn.o] ==> obj [/lib/../lib64/crtn.o]
  collapse obj [/lib/../lib64/crt1.o] ==> [/lib64/crt1.o]
  collapse obj [/lib/../lib64/crti.o] ==> [/lib64/crti.o]
  collapse obj [/lib/../lib64/crtn.o] ==> [/lib64/crtn.o]
  collapse library dir [/opt/intel/compilers_and_libraries_2020.4.304/linux/mpi/intel64/lib/release] ==> [/opt/intel/compilers_and_libraries_2020.4.304/linux/mpi/intel64/lib/release]
  collapse library dir [/opt/intel/compilers_and_libraries_2020.4.304/linux/mpi/intel64/lib] ==> [/opt/intel/compilers_and_libraries_2020.4.304/linux/mpi/intel64/lib]
  collapse library dir [/home1/08335/jms26/preCICE/install/lib64/../lib64] ==> [/home1/08335/jms26/preCICE/install/lib64]
  collapse library dir [/opt/apps/gcc/9.1.0/lib/gcc/x86_64-pc-linux-gnu/9.1.0] ==> [/opt/apps/gcc/9.1.0/lib/gcc/x86_64-pc-linux-gnu/9.1.0]
  collapse library dir [/opt/apps/gcc/9.1.0/lib/gcc/x86_64-pc-linux-gnu/9.1.0/../../../../lib64] ==> [/opt/apps/gcc/9.1.0/lib64]
  collapse library dir [/lib/../lib64] ==> [/lib64]
  collapse library dir [/usr/lib/../lib64] ==> [/usr/lib64]
  collapse library dir [/home1/08335/jms26/preCICE/install/lib64] ==> [/home1/08335/jms26/preCICE/install/lib64]
  collapse library dir [/opt/apps/gcc9_1/python3_8/boost/1.72/lib] ==> [/opt/apps/gcc9_1/python3_8/boost/1.72/lib]
  collapse library dir [/opt/apps/gcc/9.1.0/lib/gcc/x86_64-pc-linux-gnu/9.1.0/../../../../x86_64-pc-linux-gnu/lib] ==> [/opt/apps/gcc/9.1.0/x86_64-pc-linux-gnu/lib]
  collapse library dir [/opt/apps/gcc/9.1.0/lib/gcc/x86_64-pc-linux-gnu/9.1.0/../../..] ==> [/opt/apps/gcc/9.1.0/lib]
  implicit libs: [mpicxx;mpifort;mpi;rt;pthread;dl;stdc++;m;gcc_s;gcc;c;gcc_s;gcc]
  implicit objs: [/lib64/crt1.o;/lib64/crti.o;/opt/apps/gcc/9.1.0/lib/gcc/x86_64-pc-linux-gnu/9.1.0/crtbegin.o;/opt/apps/gcc/9.1.0/lib/gcc/x86_64-pc-linux-gnu/9.1.0/crtend.o;/lib64/crtn.o]
  implicit dirs: [/opt/intel/compilers_and_libraries_2020.4.304/linux/mpi/intel64/lib/release;/opt/intel/compilers_and_libraries_2020.4.304/linux/mpi/intel64/lib;/home1/08335/jms26/preCICE/install/lib64;/opt/apps/gcc/9.1.0/lib/gcc/x86_64-pc-linux-gnu/9.1.0;/opt/apps/gcc/9.1.0/lib64;/lib64;/usr/lib64;/opt/apps/gcc9_1/python3_8/boost/1.72/lib;/opt/apps/gcc/9.1.0/x86_64-pc-linux-gnu/lib;/opt/apps/gcc/9.1.0/lib]
  implicit fwks: []


Performing C++ SOURCE FILE Test CMAKE_HAVE_LIBC_PTHREAD succeeded with the following output:
Change Dir: /work2/08335/jms26/frontera/jots/build/CMakeFiles/CMakeTmp

Run Build Command(s):/usr/bin/gmake -f Makefile cmTC_80988/fast && /usr/bin/gmake  -f CMakeFiles/cmTC_80988.dir/build.make CMakeFiles/cmTC_80988.dir/build
gmake[1]: Entering directory `/work2/08335/jms26/frontera/jots/build/CMakeFiles/CMakeTmp'
Building CXX object CMakeFiles/cmTC_80988.dir/src.cxx.o
/opt/intel/compilers_and_libraries_2020.4.304/linux/mpi/intel64/bin/mpicxx -DCMAKE_HAVE_LIBC_PTHREAD  -std=gnu++11 -o CMakeFiles/cmTC_80988.dir/src.cxx.o -c /work2/08335/jms26/frontera/jots/build/CMakeFiles/CMakeTmp/src.cxx
Linking CXX executable cmTC_80988
/opt/apps/cmake/3.24.2/bin/cmake -E cmake_link_script CMakeFiles/cmTC_80988.dir/link.txt --verbose=1
/opt/intel/compilers_and_libraries_2020.4.304/linux/mpi/intel64/bin/mpicxx CMakeFiles/cmTC_80988.dir/src.cxx.o -o cmTC_80988 
gmake[1]: Leaving directory `/work2/08335/jms26/frontera/jots/build/CMakeFiles/CMakeTmp'


Source file was:
#include <pthread.h>

static void* test_func(void* data)
{
  return data;
}

int main(void)
{
  pthread_t thread;
  pthread_create(&thread, NULL, test_func, NULL);
  pthread_detach(thread);
  pthread_cancel(thread);
  pthread_join(thread, NULL);
  pthread_atfork(NULL, NULL, NULL);
  pthread_exit(NULL);

  return 0;
}

